<?xml version="1.0" encoding="UTF-8"?>
<!-- Generated by org.testng.reporters.JUnitReportReporter -->
<testsuite hostname="DSCHD-PC-CB-64" failures="0" tests="1" name="test.remote" time="64.734" errors="0" timestamp="16 Jul 2021 05:48:41 GMT">
  <testcase classname="test.remote" name="setUp" time="64.734"/>
</testsuite> <!-- test.remote -->
